<?xml version="1.0" encoding="UTF-8"?>
<testsuite xmlns:xsi="http://www.w3.org/2001/XMLSchema-instance" xsi:noNamespaceSchemaLocation="https://maven.apache.org/surefire/maven-surefire-plugin/xsd/surefire-test-report-3.0.xsd" version="3.0" name="com.cassino.online.service.SlotMachineServiceTest" time="1.503" tests="4" errors="0" skipped="0" failures="0">
  <properties>
[...]
</properties>
  <testcase name="jogarSlotMachine_DeveGerarSimbolosValidos" classname="com.cassino.online.service.SlotMachineServiceTest" time="1.4"/>
  <testcase name="jogarSlotMachine_DeveRetornarResultado_QuandoPartidaExiste" classname="com.cassino.online.service.SlotMachineServiceTest" time="0.027"/>
  <testcase name="jogarSlotMachine_DeveLancarExcecao_QuandoPartidaNaoExiste" classname="com.cassino.online.service.SlotMachineServiceTest" time="0.008"/>
  <testcase name="jogarSlotMachine_DeveDefinirStatusCorreto_QuandoGanha" classname="com.cassino.online.service.SlotMachineServiceTest" time="0.011"/>
</testsuite>